* 8358ef8 Terminando Práctica Ramas y Fusiones
* f22f048 NuevoLenguajes
*   75f31d0 Agregando Proyecto Semestral
|\  
| * 9a9e19f Terminando ProyectoSemestral
* |   7769db1 Agregando diseño
|\ \  
| * | 86e53ba Terminando Diseño
| |/  
* |   77d63c0 agregando PrincipiosVideojuegos
|\ \  
| * | cd80816 Terminando Principios Videojuegos
| |/  
* |   bf3bf42 Resolver conflicto y fusionar rama en main
|\ \  
| * | 3ed516a Terminando Sistemas
| |/  
* |   7d34315 Merge branch 'Ingles'
|\ \  
| * | f47daf3 Terminando Ingles
| |/  
* | e9a6bd3 Guardar cambios antes del merge de Ingles
* | 03ea916 Terminando Materia1
|/  
* 5339c02 Continuando Practica 2
* db34c4b Corrigiendo xd
* 2b97662 Terminando Práctica Etiquetas
* 234340c v1.1.0
* a89d887 v1.1.1
* 065c74a licencia al repositorio
* 48e8007 v1.0.0
* 9aab88d Paso 2 Practica 2
| * 8aab0a9 Primer guardado
|/  
* 8c2ce68 Eliminando carpeta duplicada entregas-lenguajes-interpretados
* 8557243 Reparando_repositorio_creo
* ffa0e0b Empezando Práctica Ramas y Fusiones
* 710c125 Cuarto cambio
* af0c933 Mi Segundo commit
* f73f949 Primmer Comentario
